
Showing logs for build [32mcb-kubecd-environment-pr-238-1-9gmt5-1[0m stage [32mfrom-build-pack[0m and container [32mstep-credential-initializer-47ctv[0m
{"level":"info","ts":1592567974.432938,"logger":"fallback-logger","caller":"logging/config.go:69","msg":"Fetch GitHub commit ID from kodata failed: open /var/run/ko/refs/heads/0.8.0-ns-support: no such file or directory"}
{"level":"info","ts":1592567974.4338424,"logger":"fallback-logger","caller":"creds-init/main.go:40","msg":"Credentials initialized."}

Showing logs for build [32mcb-kubecd-environment-pr-238-1-9gmt5-1[0m stage [32mfrom-build-pack[0m and container [32mstep-working-dir-initializer-xl2rq[0m
{"level":"info","ts":1592567975.195036,"logger":"fallback-logger","caller":"logging/config.go:69","msg":"Fetch GitHub commit ID from kodata failed: open /var/run/ko/HEAD: no such file or directory"}
{"level":"info","ts":1592567975.1969776,"logger":"fallback-logger","caller":"bash/main.go:64","msg":"Successfully executed command \"sh -c mkdir -p /workspace/source\"; output "}

Showing logs for build [32mcb-kubecd-environment-pr-238-1-9gmt5-1[0m stage [32mfrom-build-pack[0m and container [32mstep-place-tools[0m

Showing logs for build [32mcb-kubecd-environment-pr-238-1-9gmt5-1[0m stage [32mfrom-build-pack[0m and container [32mstep-git-source-cb-kubecd-environment-pr-238-1-9gmt5-zfd6t[0m
{"level":"info","ts":1592567980.321154,"logger":"fallback-logger","caller":"logging/config.go:69","msg":"Fetch GitHub commit ID from kodata failed: open /var/run/ko/refs/heads/0.8.0-ns-support: no such file or directory"}
{"level":"info","ts":1592567981.4089296,"logger":"fallback-logger","caller":"git/git.go:103","msg":"Successfully cloned https://github.com/cb-kubecd/environment-pr-238-1-boot-gke-staging.git @ master in path /workspace/source"}

Showing logs for build [32mcb-kubecd-environment-pr-238-1-9gmt5-1[0m stage [32mfrom-build-pack[0m and container [32mstep-git-merge[0m
Using SHAs from PULL_REFS=master:3edefdc19746c810cf626dc62ca5f418c25cceab,2:19879bc74cdbf53d95254b19c66b52e03072174e
DEBUG: LC_ALL=C JX_LOG_LEVEL=error git fetch origin --unshallow 19879bc74cdbf53d95254b19c66b52e03072174e: 3edefdc19746c810cf626dc62ca5f418c25cceab:
DEBUG: ran git fetch --unshallow origin 19879bc74cdbf53d95254b19c66b52e03072174e: 3edefdc19746c810cf626dc62ca5f418c25cceab: in 
DEBUG: LC_ALL=C JX_LOG_LEVEL=error git branch
DEBUG: LC_ALL=C JX_LOG_LEVEL=error git checkout master
DEBUG: ran git checkout master in 
DEBUG: JX_LOG_LEVEL=error LC_ALL=C git reset --hard 3edefdc19746c810cf626dc62ca5f418c25cceab
DEBUG: ran git reset --hard 3edefdc19746c810cf626dc62ca5f418c25cceab in 
DEBUG: LC_ALL=C JX_LOG_LEVEL=error git clean -fd .
DEBUG: ran clean --force -d . in 
DEBUG: JX_LOG_LEVEL=error LC_ALL=C git merge 19879bc74cdbf53d95254b19c66b52e03072174e
DEBUG: ran git merge 19879bc74cdbf53d95254b19c66b52e03072174e in 
DEBUG: JX_LOG_LEVEL=error LC_ALL=C git log --format=%H%x1f%an%x1f%ae%x1f%cn%x1f%ce%x1f%s%n%b%x1e 3edefdc19746c810cf626dc62ca5f418c25cceab..HEAD
Merged SHA 19879bc74cdbf53d95254b19c66b52e03072174e with commit message 'chore: Promote bdd-gh-1592567628 to version 0.0.1' into base branch master

Showing logs for build [32mcb-kubecd-environment-pr-238-1-9gmt5-1[0m stage [32mfrom-build-pack[0m and container [32mstep-build-helm-build[0m
WARNING: No $CHART_REPOSITORY defined so using the default value of: http://jenkins-x-chartmuseum:8080
Adding missing Helm repo: storage.googleapis.com https://storage.googleapis.com/chartmuseum.jenkins-x.io
WARNING: No secrets found on "helm/repos" due: reading the secret "helm/repos" from vault: no secret "helm/repos" not found in vault
Read credentials for https://storage.googleapis.com/chartmuseum.jenkins-x.io from vault helm/repos
Successfully added Helm repository storage.googleapis.com.
Adding missing Helm repo: jenkins-x-chartmuseum http://jenkins-x-chartmuseum:8080
WARNING: No secrets found on "helm/repos" due: reading the secret "helm/repos" from vault: no secret "helm/repos" not found in vault
Read credentials for http://jenkins-x-chartmuseum:8080 from vault helm/repos
Successfully added Helm repository jenkins-x-chartmuseum.
WARNING: No $CHART_REPOSITORY defined so using the default value of: http://jenkins-x-chartmuseum:8080
Adding missing Helm repo: chartmuseum.jenkins-x.io http://chartmuseum.jenkins-x.io
WARNING: No secrets found on "helm/repos" due: reading the secret "helm/repos" from vault: no secret "helm/repos" not found in vault
Read credentials for http://chartmuseum.jenkins-x.io from vault helm/repos
Successfully added Helm repository chartmuseum.jenkins-x.io.
