
Showing logs for build [32mcb-kubecd-environment-pr-238-1-4d9wm-1[0m stage [32mfrom-build-pack[0m and container [32mstep-credential-initializer-rwfmk[0m
{"level":"info","ts":1592566793.4272485,"logger":"fallback-logger","caller":"logging/config.go:69","msg":"Fetch GitHub commit ID from kodata failed: open /var/run/ko/refs/heads/0.8.0-ns-support: no such file or directory"}
{"level":"info","ts":1592566793.4290009,"logger":"fallback-logger","caller":"creds-init/main.go:40","msg":"Credentials initialized."}

Showing logs for build [32mcb-kubecd-environment-pr-238-1-4d9wm-1[0m stage [32mfrom-build-pack[0m and container [32mstep-working-dir-initializer-6zwp4[0m
{"level":"info","ts":1592566794.3318403,"logger":"fallback-logger","caller":"logging/config.go:69","msg":"Fetch GitHub commit ID from kodata failed: open /var/run/ko/HEAD: no such file or directory"}
{"level":"info","ts":1592566794.336019,"logger":"fallback-logger","caller":"bash/main.go:64","msg":"Successfully executed command \"sh -c mkdir -p /workspace/source\"; output "}

Showing logs for build [32mcb-kubecd-environment-pr-238-1-4d9wm-1[0m stage [32mfrom-build-pack[0m and container [32mstep-place-tools[0m

Showing logs for build [32mcb-kubecd-environment-pr-238-1-4d9wm-1[0m stage [32mfrom-build-pack[0m and container [32mstep-git-source-cb-kubecd-environment-pr-238-1-4d9wm-g8r7x[0m
{"level":"info","ts":1592566799.4992948,"logger":"fallback-logger","caller":"logging/config.go:69","msg":"Fetch GitHub commit ID from kodata failed: open /var/run/ko/refs/heads/0.8.0-ns-support: no such file or directory"}
{"level":"info","ts":1592566800.6051192,"logger":"fallback-logger","caller":"git/git.go:103","msg":"Successfully cloned https://github.com/cb-kubecd/environment-pr-238-1-boot-gke-staging.git @ master in path /workspace/source"}

Showing logs for build [32mcb-kubecd-environment-pr-238-1-4d9wm-1[0m stage [32mfrom-build-pack[0m and container [32mstep-git-merge[0m
Using SHAs from PULL_REFS=master:449905483064e37101bc61da71cbb1e1e7402f34,1:e1c3d47a98d6fb1d811df4ad30dd4c3cd6cf1297
DEBUG: LC_ALL=C JX_LOG_LEVEL=error git fetch origin --unshallow e1c3d47a98d6fb1d811df4ad30dd4c3cd6cf1297: 449905483064e37101bc61da71cbb1e1e7402f34:
DEBUG: ran git fetch --unshallow origin e1c3d47a98d6fb1d811df4ad30dd4c3cd6cf1297: 449905483064e37101bc61da71cbb1e1e7402f34: in 
DEBUG: LC_ALL=C JX_LOG_LEVEL=error git branch
DEBUG: JX_LOG_LEVEL=error LC_ALL=C git checkout master
DEBUG: ran git checkout master in 
DEBUG: LC_ALL=C JX_LOG_LEVEL=error git reset --hard 449905483064e37101bc61da71cbb1e1e7402f34
DEBUG: ran git reset --hard 449905483064e37101bc61da71cbb1e1e7402f34 in 
DEBUG: LC_ALL=C JX_LOG_LEVEL=error git clean -fd .
DEBUG: ran clean --force -d . in 
DEBUG: LC_ALL=C JX_LOG_LEVEL=error git merge e1c3d47a98d6fb1d811df4ad30dd4c3cd6cf1297
DEBUG: ran git merge e1c3d47a98d6fb1d811df4ad30dd4c3cd6cf1297 in 
DEBUG: LC_ALL=C JX_LOG_LEVEL=error git log --format=%H%x1f%an%x1f%ae%x1f%cn%x1f%ce%x1f%s%n%b%x1e 449905483064e37101bc61da71cbb1e1e7402f34..HEAD
Merged SHA e1c3d47a98d6fb1d811df4ad30dd4c3cd6cf1297 with commit message 'chore: Promote bdd-spring-1592566433 to version 0.0.1' into base branch master

Showing logs for build [32mcb-kubecd-environment-pr-238-1-4d9wm-1[0m stage [32mfrom-build-pack[0m and container [32mstep-build-helm-build[0m
WARNING: No $CHART_REPOSITORY defined so using the default value of: http://jenkins-x-chartmuseum:8080
Adding missing Helm repo: storage.googleapis.com https://storage.googleapis.com/chartmuseum.jenkins-x.io
WARNING: No secrets found on "helm/repos" due: reading the secret "helm/repos" from vault: no secret "helm/repos" not found in vault
Read credentials for https://storage.googleapis.com/chartmuseum.jenkins-x.io from vault helm/repos
Successfully added Helm repository storage.googleapis.com.
Adding missing Helm repo: jenkins-x-chartmuseum http://jenkins-x-chartmuseum:8080
WARNING: No secrets found on "helm/repos" due: reading the secret "helm/repos" from vault: no secret "helm/repos" not found in vault
Read credentials for http://jenkins-x-chartmuseum:8080 from vault helm/repos
Successfully added Helm repository jenkins-x-chartmuseum.
WARNING: No $CHART_REPOSITORY defined so using the default value of: http://jenkins-x-chartmuseum:8080
Adding missing Helm repo: chartmuseum.jenkins-x.io http://chartmuseum.jenkins-x.io
WARNING: No secrets found on "helm/repos" due: reading the secret "helm/repos" from vault: no secret "helm/repos" not found in vault
Read credentials for http://chartmuseum.jenkins-x.io from vault helm/repos
Successfully added Helm repository chartmuseum.jenkins-x.io.
