
Showing logs for build [32mcb-kubecd-environment-pr-238-1-hptr6-1[0m stage [32mfrom-build-pack[0m and container [32mstep-credential-initializer-qzdmq[0m
{"level":"info","ts":1592568739.9184394,"logger":"fallback-logger","caller":"logging/config.go:69","msg":"Fetch GitHub commit ID from kodata failed: open /var/run/ko/refs/heads/0.8.0-ns-support: no such file or directory"}
{"level":"info","ts":1592568739.9199252,"logger":"fallback-logger","caller":"creds-init/main.go:40","msg":"Credentials initialized."}

Showing logs for build [32mcb-kubecd-environment-pr-238-1-hptr6-1[0m stage [32mfrom-build-pack[0m and container [32mstep-working-dir-initializer-cwlm7[0m
{"level":"info","ts":1592568740.409827,"logger":"fallback-logger","caller":"logging/config.go:69","msg":"Fetch GitHub commit ID from kodata failed: open /var/run/ko/HEAD: no such file or directory"}
{"level":"info","ts":1592568740.4120848,"logger":"fallback-logger","caller":"bash/main.go:64","msg":"Successfully executed command \"sh -c mkdir -p /workspace/source\"; output "}

Showing logs for build [32mcb-kubecd-environment-pr-238-1-hptr6-1[0m stage [32mfrom-build-pack[0m and container [32mstep-place-tools[0m

Showing logs for build [32mcb-kubecd-environment-pr-238-1-hptr6-1[0m stage [32mfrom-build-pack[0m and container [32mstep-git-source-cb-kubecd-environment-pr-238-1-hptr6-28rmm[0m
{"level":"info","ts":1592568744.5891147,"logger":"fallback-logger","caller":"logging/config.go:69","msg":"Fetch GitHub commit ID from kodata failed: open /var/run/ko/refs/heads/0.8.0-ns-support: no such file or directory"}
{"level":"info","ts":1592568745.6353784,"logger":"fallback-logger","caller":"git/git.go:103","msg":"Successfully cloned https://github.com/cb-kubecd/environment-pr-238-1-boot-gke-staging.git @ master in path /workspace/source"}

Showing logs for build [32mcb-kubecd-environment-pr-238-1-hptr6-1[0m stage [32mfrom-build-pack[0m and container [32mstep-git-merge[0m
Using SHAs from PULL_REFS=master:e6c3ed2fd259a694019bb192f8e0de8f7e255fe4,3:c1a1e843fe21e34d28d834b4ac79c2b0bdac6eb3
DEBUG: LC_ALL=C JX_LOG_LEVEL=error git fetch origin --unshallow c1a1e843fe21e34d28d834b4ac79c2b0bdac6eb3: e6c3ed2fd259a694019bb192f8e0de8f7e255fe4:
DEBUG: ran git fetch --unshallow origin c1a1e843fe21e34d28d834b4ac79c2b0bdac6eb3: e6c3ed2fd259a694019bb192f8e0de8f7e255fe4: in 
DEBUG: LC_ALL=C JX_LOG_LEVEL=error git branch
DEBUG: LC_ALL=C JX_LOG_LEVEL=error git checkout master
DEBUG: ran git checkout master in 
DEBUG: LC_ALL=C JX_LOG_LEVEL=error git reset --hard e6c3ed2fd259a694019bb192f8e0de8f7e255fe4
DEBUG: ran git reset --hard e6c3ed2fd259a694019bb192f8e0de8f7e255fe4 in 
DEBUG: LC_ALL=C JX_LOG_LEVEL=error git clean -fd .
DEBUG: ran clean --force -d . in 
DEBUG: LC_ALL=C JX_LOG_LEVEL=error git merge c1a1e843fe21e34d28d834b4ac79c2b0bdac6eb3
DEBUG: ran git merge c1a1e843fe21e34d28d834b4ac79c2b0bdac6eb3 in 
DEBUG: LC_ALL=C JX_LOG_LEVEL=error git log --format=%H%x1f%an%x1f%ae%x1f%cn%x1f%ce%x1f%s%n%b%x1e e6c3ed2fd259a694019bb192f8e0de8f7e255fe4..HEAD
Merged SHA c1a1e843fe21e34d28d834b4ac79c2b0bdac6eb3 with commit message 'chore: Promote bdd-sbhg-1592567628 to version 0.0.1' into base branch master

Showing logs for build [32mcb-kubecd-environment-pr-238-1-hptr6-1[0m stage [32mfrom-build-pack[0m and container [32mstep-build-helm-build[0m
WARNING: No $CHART_REPOSITORY defined so using the default value of: http://jenkins-x-chartmuseum:8080
Adding missing Helm repo: storage.googleapis.com https://storage.googleapis.com/chartmuseum.jenkins-x.io
WARNING: No secrets found on "helm/repos" due: reading the secret "helm/repos" from vault: no secret "helm/repos" not found in vault
Read credentials for https://storage.googleapis.com/chartmuseum.jenkins-x.io from vault helm/repos
Successfully added Helm repository storage.googleapis.com.
Adding missing Helm repo: jenkins-x-chartmuseum http://jenkins-x-chartmuseum:8080
WARNING: No secrets found on "helm/repos" due: reading the secret "helm/repos" from vault: no secret "helm/repos" not found in vault
Read credentials for http://jenkins-x-chartmuseum:8080 from vault helm/repos
Successfully added Helm repository jenkins-x-chartmuseum.
WARNING: No $CHART_REPOSITORY defined so using the default value of: http://jenkins-x-chartmuseum:8080
Adding missing Helm repo: chartmuseum.jenkins-x.io http://chartmuseum.jenkins-x.io
WARNING: No secrets found on "helm/repos" due: reading the secret "helm/repos" from vault: no secret "helm/repos" not found in vault
Read credentials for http://chartmuseum.jenkins-x.io from vault helm/repos
Successfully added Helm repository chartmuseum.jenkins-x.io.
